<?xml version="1.0" encoding="UTF-8"?>
<!-- Generated by org.testng.reporters.JUnitReportReporter -->
<testsuite hostname="DESKTOP-0MCBSMK" failures="0" tests="1" name="TestNG_Parallel.amazon" time="14.614" errors="0" timestamp="2024-07-24T04:52:00 IST" skipped="0">
  <testcase classname="TestNG_Parallel.amazon" name="amz" time="14.614"/>
  <system-out/>
</testsuite> <!-- TestNG_Parallel.amazon -->
