<?xml version="1.0" encoding="UTF-8"?>
<!-- Generated by org.testng.reporters.JUnitReportReporter -->
<testsuite hostname="VIJAY" failures="0" tests="1" name="TestNG_Assertions.Assestions" time="6.752" errors="0" timestamp="2024-07-28T15:18:08 IST" skipped="0">
  <testcase classname="TestNG_Assertions.Assestions" name="login" time="6.752"/>
  <system-out/>
</testsuite> <!-- TestNG_Assertions.Assestions -->
