<?xml version="1.0" encoding="UTF-8"?>
<!-- Generated by org.testng.reporters.JUnitReportReporter -->
<testsuite hostname="VIJAY" failures="0" tests="1" name="TestNG_Fail.Facebook" time="5.501" errors="0" timestamp="2024-07-27T08:20:33 IST" skipped="0">
  <testcase classname="TestNG_Fail.Facebook" name="fb" time="5.501"/>
  <system-out/>
</testsuite> <!-- TestNG_Fail.Facebook -->
