<?xml version="1.0" encoding="UTF-8"?>
<!-- Generated by org.testng.reporters.JUnitReportReporter -->
<testsuite hostname="VIJAY" failures="0" tests="1" name="TestNG_Assertions.AssertionCopy" time="113.012" errors="0" timestamp="2024-07-28T13:11:36 IST" skipped="0">
  <testcase classname="TestNG_Assertions.AssertionCopy" name="verifyTitle" time="113.012"/>
  <system-out/>
</testsuite> <!-- TestNG_Assertions.AssertionCopy -->
