<?xml version="1.0" encoding="UTF-8"?>
<!-- Generated by org.testng.reporters.JUnitReportReporter -->
<testsuite hostname="VIJAY" failures="0" tests="1" name="TestNG_Annotations.Annotations" time="8.275" errors="0" timestamp="2024-07-26T01:29:48 IST" skipped="0">
  <testcase classname="TestNG_Annotations.Annotations" name="login" time="8.275"/>
  <system-out/>
</testsuite> <!-- TestNG_Annotations.Annotations -->
