<?xml version="1.0" encoding="UTF-8"?>
<!-- Generated by org.testng.reporters.JUnitReportReporter -->
<testsuite hostname="VIJAY" failures="0" tests="3" name="TestNG.DataProvider" time="20.956" errors="0" timestamp="2024-07-26T03:20:59 IST" skipped="0">
  <testcase classname="TestNG.DataProvider" name="demo" time="12.618"/>
  <system-out/>
  <testcase classname="TestNG.DataProvider" name="demo" time="4.256"/>
  <system-out/>
  <testcase classname="TestNG.DataProvider" name="demo" time="4.082"/>
  <system-out/>
</testsuite> <!-- TestNG.DataProvider -->
