<?xml version="1.0" encoding="UTF-8"?>
<!-- Generated by org.testng.reporters.JUnitReportReporter -->
<testsuite hostname="DESKTOP-0MCBSMK" failures="0" tests="1" name="TestNG_sequential.Facebook" time="22.995" errors="0" timestamp="2024-07-24T02:53:56 IST" skipped="0">
  <testcase classname="TestNG_sequential.Facebook" name="fb" time="22.995"/>
  <system-out/>
</testsuite> <!-- TestNG_sequential.Facebook -->
