<?xml version="1.0" encoding="UTF-8"?>
<!-- Generated by org.testng.reporters.JUnitReportReporter -->
<testsuite hostname="DESKTOP-0MCBSMK" failures="0" tests="2" name="TestNG_Parallel.CrossBrowserParallel" time="44.528" errors="0" timestamp="2024-07-24T05:36:38 IST" skipped="0">
  <testcase classname="TestNG_Parallel.CrossBrowserParallel" name="fb" time="17.328"/>
  <system-out/>
  <testcase classname="TestNG_Parallel.CrossBrowserParallel" name="fb" time="27.200"/>
  <system-out/>
</testsuite> <!-- TestNG_Parallel.CrossBrowserParallel -->
