<?xml version="1.0" encoding="UTF-8"?>
<!-- Generated by org.testng.reporters.JUnitReportReporter -->
<testsuite hostname="VIJAY" failures="0" tests="1" name="TestNG_Group.Sample1" time="0.002" errors="0" timestamp="2024-07-29T03:49:33 IST" skipped="0">
  <testcase classname="TestNG_Group.Sample1" name="demo1" time="0.002"/>
  <system-out/>
</testsuite> <!-- TestNG_Group.Sample1 -->
