<?xml version="1.0" encoding="UTF-8"?>
<!-- Generated by org.testng.reporters.JUnitReportReporter -->
<testsuite hostname="VIJAY" failures="0" tests="1" name="TestNG_Fail.amazon" time="6.747" errors="0" timestamp="2024-07-27T08:18:34 IST" skipped="0">
  <testcase classname="TestNG_Fail.amazon" name="amz" time="6.747"/>
  <system-out/>
</testsuite> <!-- TestNG_Fail.amazon -->
