<?xml version="1.0" encoding="UTF-8"?>
<!-- Generated by org.testng.reporters.JUnitReportReporter -->
<testsuite hostname="DESKTOP-0MCBSMK" failures="0" tests="3" name="TestNG_Parallel.CrossBrowserParallels" time="112.484" errors="0" timestamp="2024-07-25T01:02:07 IST" skipped="0">
  <testcase classname="TestNG_Parallel.CrossBrowserParallels" name="fb" time="57.312"/>
  <system-out/>
  <testcase classname="TestNG_Parallel.CrossBrowserParallels" name="fb" time="32.488"/>
  <system-out/>
  <testcase classname="TestNG_Parallel.CrossBrowserParallels" name="fb" time="22.684"/>
  <system-out/>
</testsuite> <!-- TestNG_Parallel.CrossBrowserParallels -->
