<?xml version="1.0" encoding="UTF-8"?>
<!-- Generated by org.testng.reporters.JUnitReportReporter -->
<testsuite hostname="VIJAY" failures="0" tests="4" name="TestNG.Priority_Invocation_enabled" time="0.017" errors="0" timestamp="2024-07-29T02:59:15 IST" skipped="1">
  <testcase classname="TestNG.Priority_Invocation_enabled" name="demo1" time="0.013"/>
  <system-out/>
  <testcase classname="TestNG.Priority_Invocation_enabled" name="demo1" time="0.002"/>
  <system-out/>
  <testcase classname="TestNG.Priority_Invocation_enabled" name="demo3" time="0.002"/>
  <system-out/>
  <testcase classname="TestNG.Priority_Invocation_enabled" name="demo2">
    <skipped/>
  </testcase> <!-- demo2 -->
  <system-out/>
</testsuite> <!-- TestNG.Priority_Invocation_enabled -->
